<?xml version="1.0" encoding="UTF-8"?>
<testsuite name="SampleTest5" tests="1" skipped="0" failures="0" errors="0" timestamp="2022-11-18T08:10:54" hostname="DESKTOP-VQ2SGVI" time="2.279">
  <properties/>
  <testcase name="firstTest()" classname="SampleTest5" time="2.279"/>
  <system-out><![CDATA[]]></system-out>
  <system-err><![CDATA[]]></system-err>
</testsuite>
